<?xml version="1.0" encoding="UTF-8"?>
<testng-results ignored="0" total="1" passed="1" failed="0" skipped="0">
  <reporter-output>
  </reporter-output>
  <suite started-at="2023-01-14T23:52:14 IST" name="Default suite" finished-at="2023-01-14T23:52:21 IST" duration-ms="7415">
    <groups>
    </groups>
    <test started-at="2023-01-14T23:52:14 IST" name="Default test" finished-at="2023-01-14T23:52:21 IST" duration-ms="7415">
      <class name="com.spring.selenium.extentreport.ExtentReportDemo">
        <test-method is-config="true" signature="config()[pri:0, instance:com.spring.selenium.extentreport.ExtentReportDemo@3f6f6701]" started-at="2023-01-14T23:52:14 IST" name="config" finished-at="2023-01-14T23:52:14 IST" duration-ms="183" status="PASS">
          <reporter-output>
          </reporter-output>
        </test-method> <!-- config -->
        <test-method signature="intialDemo()[pri:0, instance:com.spring.selenium.extentreport.ExtentReportDemo@3f6f6701]" started-at="2023-01-14T23:52:14 IST" name="intialDemo" finished-at="2023-01-14T23:52:21 IST" duration-ms="7209" status="PASS">
          <reporter-output>
          </reporter-output>
        </test-method> <!-- intialDemo -->
      </class> <!-- com.spring.selenium.extentreport.ExtentReportDemo -->
    </test> <!-- Default test -->
  </suite> <!-- Default suite -->
</testng-results>
