<?xml version="1.0" encoding="UTF-8"?>
<!-- Generated by org.testng.reporters.JUnitXMLReporter -->
<testsuite ignored="7" hostname="macos-C02F63JXMD6N" failures="0" tests="4" name="RegressionTest" time="0.04" errors="0" timestamp="2022-12-21T11:29:11 IST">
  <testcase classname="test.TestNGDemo" name="FirstTest" time="0.005"/>
  <testcase classname="test.TestNGDemo" name="SecondTest" time="0.0"/>
  <testcase classname="test.Day3" name="LoginAPICarLoan" time="0.001"/>
  <testcase classname="test.Day4" name="MobileLoginHomeLoan" time="0.001"/>
  <testcase classname="test.Day4" name="WebLoginHomeLoan" time="0.0">
    <ignored/>
  </testcase> <!-- WebLoginHomeLoan -->
  <testcase classname="test.Day3" name="MobileSignIn" time="0.0">
    <ignored/>
  </testcase> <!-- MobileSignIn -->
  <testcase classname="com.spring.testNG.SpringBootTestNgApplicationTests" name="contextLoads" time="0.0">
    <ignored/>
  </testcase> <!-- contextLoads -->
  <testcase classname="test.Day3" name="MobileLoginCarLoan" time="0.0">
    <ignored/>
  </testcase> <!-- MobileLoginCarLoan -->
  <testcase classname="test.Day4" name="LoginAPIHomeLoan" time="0.0">
    <ignored/>
  </testcase> <!-- LoginAPIHomeLoan -->
  <testcase classname="test.Day3" name="WebLoginCarLoan" time="0.0">
    <ignored/>
  </testcase> <!-- WebLoginCarLoan -->
  <testcase classname="test.Day3" name="MobileSignOut" time="0.0">
    <ignored/>
  </testcase> <!-- MobileSignOut -->
</testsuite> <!-- RegressionTest -->
