<?xml version="1.0" encoding="UTF-8"?>
<!-- Generated by org.testng.reporters.JUnitXMLReporter -->
<testsuite ignored="3" hostname="macos-C02F63JXMD6N" failures="0" tests="4" name="Test" time="0.03" errors="0" timestamp="2022-12-21T17:41:37 IST">
  <testcase classname="com.spring.testNG.SpringBootTestNgApplicationTests" name="contextLoads" time="0.003"/>
  <testcase classname="test.TestNGDemo" name="FirstTest" time="0.0"/>
  <testcase classname="test.Day4" name="MobileLoginHomeLoan" time="0.001"/>
  <testcase classname="test.Day4" name="WebLoginHomeLoan" time="0.002"/>
  <testcase classname="test.Day4" name="LoginAPIHomeLoan" time="0.0">
    <ignored/>
  </testcase> <!-- LoginAPIHomeLoan -->
  <testcase classname="test.TestNGDemo" name="SecondTest" time="0.0">
    <ignored/>
  </testcase> <!-- SecondTest -->
  <testcase classname="test.TestNGDemo" name="thirdTest" time="0.0">
    <ignored/>
  </testcase> <!-- thirdTest -->
</testsuite> <!-- Test -->
