<?xml version="1.0" encoding="UTF-8"?>
<testng-results ignored="0" total="2" passed="2" failed="0" skipped="0">
  <reporter-output>
  </reporter-output>
  <suite started-at="2022-12-25T22:47:10 IST" name="Default suite" finished-at="2022-12-25T22:47:10 IST" duration-ms="29">
    <groups>
    </groups>
    <test started-at="2022-12-25T22:47:10 IST" name="Default test" finished-at="2022-12-25T22:47:10 IST" duration-ms="29">
      <class name="com.spring.stream.StreamDemo">
        <test-method signature="regular()[pri:0, instance:com.spring.stream.StreamDemo@747edf66]" started-at="2022-12-25T22:47:10 IST" name="regular" finished-at="2022-12-25T22:47:10 IST" duration-ms="4" status="PASS">
          <reporter-output>
          </reporter-output>
        </test-method> <!-- regular -->
        <test-method signature="streamFilter()[pri:0, instance:com.spring.stream.StreamDemo@747edf66]" started-at="2022-12-25T22:47:10 IST" name="streamFilter" finished-at="2022-12-25T22:47:10 IST" duration-ms="1" status="PASS">
          <reporter-output>
          </reporter-output>
        </test-method> <!-- streamFilter -->
      </class> <!-- com.spring.stream.StreamDemo -->
    </test> <!-- Default test -->
  </suite> <!-- Default suite -->
</testng-results>
